2020-08-13 14:49:05,648 - pyswarms.single.global_best - INFO - Optimize for 1000 iters with {'c1': 0.5, 'c2': 0.3, 'w': 0.9}
2020-08-13 14:50:03,806 - pyswarms.single.global_best - INFO - Optimize for 1000 iters with {'c1': 0.5, 'c2': 0.3, 'w': 0.9}
2020-08-13 14:50:04,009 - pyswarms.single.global_best - INFO - Optimization finished | best cost: 1.8826253769446775e-45, best pos: [-1.04766030e-23  1.28418512e-23  4.00992896e-23]
2020-08-13 14:52:26,505 - pyswarms.single.global_best - INFO - Optimize for 1 iters with {'c1': 0.5, 'c2': 0.3, 'w': 0.9}
2020-08-13 14:53:32,515 - pyswarms.single.global_best - INFO - Optimize for 1000 iters with {'c1': 0.5, 'c2': 0.3, 'w': 0.9}
2020-08-13 14:57:48,256 - pyswarms.single.global_best - INFO - Optimize for 1000 iters with {'c1': 0.5, 'c2': 0.3, 'w': 0.9}
2020-08-13 14:57:48,479 - pyswarms.single.global_best - INFO - Optimization finished | best cost: -64647.64205523969, best pos: [  2.40453233 254.35049861  -6.38375363]
2020-08-13 15:00:24,497 - pyswarms.single.global_best - INFO - Optimize for 1000 iters with {'c1': 0.5, 'c2': 0.3, 'w': 0.9}
2020-08-13 15:04:40,921 - pyswarms.single.global_best - INFO - Optimize for 1000 iters with {'c1': 0.5, 'c2': 0.3, 'w': 0.9}
2020-08-13 15:06:17,109 - pyswarms.single.global_best - INFO - Optimize for 1000 iters with {'c1': 0.5, 'c2': 0.3, 'w': 0.9}
2020-08-13 15:06:30,977 - pyswarms.single.global_best - INFO - Optimize for 1000 iters with {'c1': 0.5, 'c2': 0.3, 'w': 0.9}
2020-08-13 15:07:26,294 - pyswarms.single.global_best - INFO - Optimize for 1000 iters with {'c1': 0.5, 'c2': 0.3, 'w': 0.9}
2020-08-13 15:07:47,567 - pyswarms.single.global_best - INFO - Optimize for 1000 iters with {'c1': 0.5, 'c2': 0.3, 'w': 0.9}
2020-08-13 15:08:27,456 - pyswarms.single.global_best - INFO - Optimize for 1000 iters with {'c1': 0.5, 'c2': 0.3, 'w': 0.9}
2020-08-13 15:08:27,705 - pyswarms.single.global_best - INFO - Optimization finished | best cost: -21578.094173556558, best pos: [  -6.39529246 -143.19499208]
2020-08-13 15:08:57,462 - pyswarms.single.global_best - INFO - Optimize for 1000 iters with {'c1': 0.5, 'c2': 0.3, 'w': 0.9}
2020-08-13 15:08:57,661 - pyswarms.single.global_best - INFO - Optimization finished | best cost: 0.0, best pos: [3. 4.]
2020-08-13 15:23:49,994 - pyswarms.single.global_best - INFO - Optimize for 1000 iters with {'c1': 0.5, 'c2': 0.3, 'w': 0.9}
2020-08-13 15:24:33,798 - pyswarms.single.global_best - INFO - Optimize for 1000 iters with {'c1': 0.5, 'c2': 0.3, 'w': 0.9}
2020-08-13 15:26:52,289 - pyswarms.single.global_best - INFO - Optimize for 1000 iters with {'c1': 0.5, 'c2': 0.3, 'w': 0.9}
2020-08-13 15:27:19,639 - pyswarms.single.global_best - INFO - Optimize for 1000 iters with {'c1': 0.5, 'c2': 0.3, 'w': 0.9}
2020-08-13 15:28:00,533 - pyswarms.single.global_best - INFO - Optimize for 1000 iters with {'c1': 0.5, 'c2': 0.3, 'w': 0.9}
2020-08-13 15:28:59,733 - pyswarms.single.global_best - INFO - Optimize for 1000 iters with {'c1': 0.5, 'c2': 0.3, 'w': 0.9}
2020-08-13 15:29:33,181 - pyswarms.single.global_best - INFO - Optimize for 1000 iters with {'c1': 0.5, 'c2': 0.3, 'w': 0.9}
2020-08-13 15:29:58,487 - pyswarms.single.global_best - INFO - Optimize for 1000 iters with {'c1': 0.5, 'c2': 0.3, 'w': 0.9}
2020-08-13 15:31:15,414 - pyswarms.single.global_best - INFO - Optimize for 1000 iters with {'c1': 0.5, 'c2': 0.3, 'w': 0.9}
2020-08-13 15:31:32,435 - pyswarms.single.global_best - INFO - Optimize for 1000 iters with {'c1': 0.5, 'c2': 0.3, 'w': 0.9}
2020-08-13 15:31:33,433 - pyswarms.single.global_best - INFO - Optimization finished | best cost: 0.0, best pos: [ 3.5        -0.20242324 -0.29757676]
2020-08-13 15:34:57,910 - pyswarms.single.global_best - INFO - Optimize for 1000 iters with {'c1': 0.5, 'c2': 0.3, 'w': 0.9}
2020-08-13 15:35:20,102 - pyswarms.single.global_best - INFO - Optimize for 1000 iters with {'c1': 0.5, 'c2': 0.3, 'w': 0.9}
2020-08-13 15:35:42,451 - pyswarms.single.global_best - INFO - Optimize for 1000 iters with {'c1': 0.5, 'c2': 0.3, 'w': 0.9}
2020-08-13 15:35:43,518 - pyswarms.single.global_best - INFO - Optimization finished | best cost: 13.09880530517368, best pos: [0.31135332 1.1236318  0.50636297]
